{
  "stats": {
    "suites": 1,
    "tests": 5,
    "passes": 5,
    "pending": 0,
    "failures": 0,
    "start": "2019-05-08T01:45:11.741Z",
    "end": "2019-05-08T01:45:32.305Z",
    "duration": 20564,
    "testsRegistered": 5,
    "passPercent": 100,
    "pendingPercent": 0,
    "other": 0,
    "hasOther": false,
    "skipped": 0,
    "hasSkipped": false,
    "passPercentClass": "success",
    "pendingPercentClass": "danger"
  },
  "suites": {
    "uuid": "82d86133-a851-4ac9-8243-3adbede0a012",
    "title": "",
    "fullFile": "",
    "file": "",
    "beforeHooks": [],
    "afterHooks": [],
    "tests": [],
    "suites": [
      {
        "uuid": "aa90740e-91fb-4e83-b377-647cecedaed8",
        "title": "Home page Should have working buttons ",
        "fullFile": "",
        "file": "",
        "beforeHooks": [],
        "afterHooks": [],
        "tests": [
          {
            "title": "Presses on JoinUs and go back ",
            "fullTitle": "Home page Should have working buttons  Presses on JoinUs and go back ",
            "duration": 7988,
            "state": "passed",
            "speed": "slow",
            "pass": true,
            "fail": false,
            "pending": false,
            "code": "cy.get('.tm-next > .text-center > .svg-inline--fa').click();\ncy.wait(1000);\ncy.get('.tm-section-pad-top.text-center > a > .btn').click();\ncy.url().should('equal', 'http://3.19.122.178/signup');\ncy.wait(500);",
            "err": {},
            "isRoot": false,
            "uuid": "2d431f9d-994d-476f-87ff-7657bf7f08d8",
            "isHook": false,
            "skipped": false
          },
          {
            "title": "Presses on Login Button and go back",
            "fullTitle": "Home page Should have working buttons  Presses on Login Button and go back",
            "duration": 2244,
            "state": "passed",
            "speed": "slow",
            "pass": true,
            "fail": false,
            "pending": false,
            "code": "cy.get('.nav-item').contains('Login').click();\ncy.url().should('equal', 'http://3.19.122.178/login');\ncy.wait(500);",
            "err": {},
            "isRoot": false,
            "uuid": "884e7587-6762-449d-968b-8ba6923b75e8",
            "isHook": false,
            "skipped": false
          },
          {
            "title": "Presses on github Button and go back",
            "fullTitle": "Home page Should have working buttons  Presses on github Button and go back",
            "duration": 4724,
            "state": "passed",
            "speed": "slow",
            "pass": true,
            "fail": false,
            "pending": false,
            "code": "cy.get('[href=\"https://github.com/AyahElSamadoni/FrontEnd\"]').click();\ncy.wait(500);\ncy.go(-1);\ncy.url().should('equal', 'http://3.19.122.178/');",
            "err": {},
            "isRoot": false,
            "uuid": "b4e915a6-09d7-4ccc-b61b-09a49cf7fa80",
            "isHook": false,
            "skipped": false
          },
          {
            "title": "Presses on twitter Button and go back",
            "fullTitle": "Home page Should have working buttons  Presses on twitter Button and go back",
            "duration": 2722,
            "state": "passed",
            "speed": "slow",
            "pass": true,
            "fail": false,
            "pending": false,
            "code": "cy.get(':nth-child(1) > .aclass > .svg-inline--fa').click();\ncy.go(-1);\ncy.url().should('equal', 'http://3.19.122.178/');\ncy.wait(500);",
            "err": {},
            "isRoot": false,
            "uuid": "1a27e856-d16c-4f01-9e60-19b99c332a36",
            "isHook": false,
            "skipped": false
          },
          {
            "title": "Presses on Nova Button and go back",
            "fullTitle": "Home page Should have working buttons  Presses on Nova Button and go back",
            "duration": 1299,
            "state": "passed",
            "speed": "slow",
            "pass": true,
            "fail": false,
            "pending": false,
            "code": "cy.get('.NavBarLogoLanding').click();\ncy.url().should('equal', 'http://3.19.122.178/');",
            "err": {},
            "isRoot": false,
            "uuid": "7192ed84-234f-4080-8317-222c582440d9",
            "isHook": false,
            "skipped": false
          }
        ],
        "suites": [],
        "passes": [
          "2d431f9d-994d-476f-87ff-7657bf7f08d8",
          "884e7587-6762-449d-968b-8ba6923b75e8",
          "b4e915a6-09d7-4ccc-b61b-09a49cf7fa80",
          "1a27e856-d16c-4f01-9e60-19b99c332a36",
          "7192ed84-234f-4080-8317-222c582440d9"
        ],
        "failures": [],
        "pending": [],
        "skipped": [],
        "duration": 18977,
        "root": false,
        "rootEmpty": false,
        "_timeout": 2000
      }
    ],
    "passes": [],
    "failures": [],
    "pending": [],
    "skipped": [],
    "duration": 0,
    "root": true,
    "rootEmpty": true,
    "_timeout": 2000
  },
  "copyrightYear": 2019
}