{
  "stats": {
    "suites": 1,
    "tests": 1,
    "passes": 0,
    "pending": 0,
    "failures": 1,
    "start": "2019-05-08T01:48:31.101Z",
    "end": "2019-05-08T01:49:03.269Z",
    "duration": 32168,
    "testsRegistered": 1,
    "passPercent": 0,
    "pendingPercent": 0,
    "other": 0,
    "hasOther": false,
    "skipped": 0,
    "hasSkipped": false,
    "passPercentClass": "danger",
    "pendingPercentClass": "danger"
  },
  "suites": {
    "uuid": "02b6d58c-ae3b-4eac-a45f-d1c214df12b5",
    "title": "",
    "fullFile": "",
    "file": "",
    "beforeHooks": [],
    "afterHooks": [],
    "tests": [],
    "suites": [
      {
        "uuid": "950df408-e0e3-406f-a8ea-350da10da43b",
        "title": "The Write/Delete Test",
        "fullFile": "",
        "file": "",
        "beforeHooks": [],
        "afterHooks": [],
        "tests": [
          {
            "title": "Should Write/Delete correctly ",
            "fullTitle": "The Write/Delete Test Should Write/Delete correctly ",
            "duration": 30575,
            "state": "failed",
            "pass": false,
            "fail": true,
            "pending": false,
            "code": "cy.visit('http://3.19.122.178/');\ncy.get(':nth-child(3) > .nav-link').click();\ncy.wait(2000);\ncy.get('#exampleInputEmail1').type('testing@gmail.com');\ncy.wait(2000);\ncy.get('#exampleInputPassword1').type('123456789');\ncy.wait(2000);\ncy.get('.btn').click();\ncy.wait(2000);\ncy.url().should('equal', \"http://3.19.122.178/profile/testingteam\"); // It should write a tweet and check on it \ncy.get('.btn-outline-success').click();\ncy.get('.public-DraftStyleDefault-block').type('This is my first tweet wohoo!');\ncy.get('.modalButton').click();\ncy.wait(4000);\ncy.visit('http://3.19.122.178/profile/testingteam');\ncy.wait(4000);\ncy.get('menu').contains('This is my first tweet wohoo!'); // It should delete the tweet \ncy.get(':nth-child(1) > .card > .card-body > [style=\"float: right;\"] > .svg-inline--fa').click();\ncy.visit('http://3.19.122.178/profile/testingteam');\ncy.wait(200);\ncy.get('.profile-stats > :nth-child(1)').should('have.text', '1 Novas');",
            "err": {
              "message": "CypressError: Timed out retrying: expected '<li>' to have text '1 Novas', but the text was '2 Novas'",
              "estack": "CypressError: Timed out retrying: expected '<li>' to have text '1 Novas', but the text was '2 Novas'\n    at Object.cypressErr (http://3.19.122.178/__cypress/runner/cypress_runner.js:82944:11)\n    at Object.throwErr (http://3.19.122.178/__cypress/runner/cypress_runner.js:82909:18)\n    at Object.throwErrByPath (http://3.19.122.178/__cypress/runner/cypress_runner.js:82936:17)\n    at retry (http://3.19.122.178/__cypress/runner/cypress_runner.js:76454:16)\n    at http://3.19.122.178/__cypress/runner/cypress_runner.js:68529:18\n    at tryCatcher (http://3.19.122.178/__cypress/runner/cypress_runner.js:131381:23)\n    at Promise._settlePromiseFromHandler (http://3.19.122.178/__cypress/runner/cypress_runner.js:129399:31)\n    at Promise._settlePromise (http://3.19.122.178/__cypress/runner/cypress_runner.js:129456:18)\n    at Promise._settlePromise0 (http://3.19.122.178/__cypress/runner/cypress_runner.js:129501:10)\n    at Promise._settlePromises (http://3.19.122.178/__cypress/runner/cypress_runner.js:129576:18)\n    at Async._drainQueue (http://3.19.122.178/__cypress/runner/cypress_runner.js:126305:16)\n    at Async._drainQueues (http://3.19.122.178/__cypress/runner/cypress_runner.js:126315:10)\n    at Async.drainQueues (http://3.19.122.178/__cypress/runner/cypress_runner.js:126189:14)"
            },
            "isRoot": false,
            "uuid": "036e5f1d-0dbd-4612-9d41-716ef2a91964",
            "isHook": false,
            "skipped": false
          }
        ],
        "suites": [],
        "passes": [],
        "failures": [
          "036e5f1d-0dbd-4612-9d41-716ef2a91964"
        ],
        "pending": [],
        "skipped": [],
        "duration": 30575,
        "root": false,
        "rootEmpty": false,
        "_timeout": 2000
      }
    ],
    "passes": [],
    "failures": [],
    "pending": [],
    "skipped": [],
    "duration": 0,
    "root": true,
    "rootEmpty": true,
    "_timeout": 2000
  },
  "copyrightYear": 2019
}