{
  "stats": {
    "suites": 1,
    "tests": 1,
    "passes": 1,
    "pending": 0,
    "failures": 0,
    "start": "2019-05-08T01:46:25.281Z",
    "end": "2019-05-08T01:47:04.061Z",
    "duration": 38780,
    "testsRegistered": 1,
    "passPercent": 100,
    "pendingPercent": 0,
    "other": 0,
    "hasOther": false,
    "skipped": 0,
    "hasSkipped": false,
    "passPercentClass": "success",
    "pendingPercentClass": "danger"
  },
  "suites": {
    "uuid": "b4a9dd31-e08a-4af3-919d-2c4ed3750456",
    "title": "",
    "fullFile": "",
    "file": "",
    "beforeHooks": [],
    "afterHooks": [],
    "tests": [],
    "suites": [
      {
        "uuid": "c05ba82a-1727-44a0-9ed8-57fadd81cee0",
        "title": "The Reply/Delete Test",
        "fullFile": "",
        "file": "",
        "beforeHooks": [],
        "afterHooks": [],
        "tests": [
          {
            "title": "Should Reply and delete correctly ",
            "fullTitle": "The Reply/Delete Test Should Reply and delete correctly ",
            "duration": 37205,
            "state": "passed",
            "speed": "slow",
            "pass": true,
            "fail": false,
            "pending": false,
            "code": "// it logins in to an account\ncy.visit('http://3.19.122.178/');\ncy.get(':nth-child(3) > .nav-link').click();\ncy.wait(2000);\ncy.get('#exampleInputEmail1').type('testingtweet2@gmail.com');\ncy.wait(2000);\ncy.get('#exampleInputPassword1').type('123456789');\ncy.wait(2000);\ncy.get('.btn').click();\ncy.wait(2000);\ncy.url().should('equal', \"http://3.19.122.178/profile/testingtweet2\"); //// it should got to time line and reply his tweet from the timeline\ncy.visit('http://3.19.122.178/newsfeed');\ncy.wait(5000);\ncy.get('.container-fluid > .card > .card-body > :nth-child(5) > .svg-inline--fa').click();\ncy.wait(5000);\ncy.get('.public-DraftStyleDefault-block').type('I can reply now!');\ncy.get('.modalButton').click();\ncy.get('.Toastify__toast').contains('New Nova');\ncy.wait(5000);\ncy.get('.move-enter-done > .card > .card-body > .card-text').contains('I can reply now!'); // go to profile and deletes it\ncy.get(':nth-child(2) > .nav-link > strong').click();\ncy.wait(2000);\ncy.get('[style=\"float: right;\"] > .svg-inline--fa').click();\ncy.get('.Toastify__toast').contains('Nova Deleted');\ncy.get('.profile-stats > :nth-child(1)').should('have.text', '0 Novas');",
            "err": {},
            "isRoot": false,
            "uuid": "1a280a12-1c33-43d2-ac8f-91bae9fb357c",
            "isHook": false,
            "skipped": false
          }
        ],
        "suites": [],
        "passes": [
          "1a280a12-1c33-43d2-ac8f-91bae9fb357c"
        ],
        "failures": [],
        "pending": [],
        "skipped": [],
        "duration": 37205,
        "root": false,
        "rootEmpty": false,
        "_timeout": 2000
      }
    ],
    "passes": [],
    "failures": [],
    "pending": [],
    "skipped": [],
    "duration": 0,
    "root": true,
    "rootEmpty": true,
    "_timeout": 2000
  },
  "copyrightYear": 2019
}